[debug] [2017-06-02T11:53:11.457Z] ----------------------------------------------------------------------
[debug] [2017-06-02T11:53:11.461Z] Command:      C:\Program Files\nodejs\node.exe C:\Users\shash\AppData\Roaming\npm\node_modules\firebase-tools\bin\firebase deploy
[debug] [2017-06-02T11:53:11.462Z] CLI Version:  3.9.1
[debug] [2017-06-02T11:53:11.462Z] Platform:     win32
[debug] [2017-06-02T11:53:11.462Z] Node Version: v6.10.3
[debug] [2017-06-02T11:53:11.463Z] Time:         Fri Jun 02 2017 17:23:11 GMT+0530 (India Standard Time)
[debug] [2017-06-02T11:53:11.463Z] ----------------------------------------------------------------------
[debug] 
[debug] [2017-06-02T11:53:11.487Z] > command requires scopes: ["email","openid","https://www.googleapis.com/auth/cloudplatformprojects.readonly","https://www.googleapis.com/auth/firebase","https://www.googleapis.com/auth/cloud-platform"]
[debug] [2017-06-02T11:53:11.488Z] > authorizing via signed-in user
[debug] [2017-06-02T11:53:11.490Z] > refreshing access token with scopes: ["email","https://www.googleapis.com/auth/cloud-platform","https://www.googleapis.com/auth/cloudplatformprojects.readonly","https://www.googleapis.com/auth/firebase","openid"]
[debug] [2017-06-02T11:53:11.491Z] >>> HTTP REQUEST POST https://www.googleapis.com/oauth2/v3/token { refresh_token: '1/lESqT3eQRHEWVrQULBcfMO3sXnhuKM-ZHR8GlO8gYIw',
  client_id: '563584335869-fgrhgmd47bqnekij5i8b5pr03ho849e6.apps.googleusercontent.com',
  client_secret: 'j9iVZfS8kkCEFUPaAeJV0sAi',
  grant_type: 'refresh_token',
  scope: 'email https://www.googleapis.com/auth/cloud-platform https://www.googleapis.com/auth/cloudplatformprojects.readonly https://www.googleapis.com/auth/firebase openid' } 
 Fri Jun 02 2017 17:23:11 GMT+0530 (India Standard Time)
[debug] [2017-06-02T11:53:12.871Z] <<< HTTP RESPONSE 200
[debug] [2017-06-02T11:53:12.990Z] >>> HTTP REQUEST GET https://admin.firebase.com/v1/projects/bookmark-app-d54c6  
 Fri Jun 02 2017 17:23:12 GMT+0530 (India Standard Time)
[debug] [2017-06-02T11:53:24.858Z] <<< HTTP RESPONSE 200
[debug] [2017-06-02T11:53:24.859Z] >>> HTTP REQUEST GET https://admin.firebase.com/v1/database/bookmark-app-d54c6/tokens  
 Fri Jun 02 2017 17:23:24 GMT+0530 (India Standard Time)
[debug] [2017-06-02T11:53:26.375Z] <<< HTTP RESPONSE 200
[debug] [2017-06-02T11:54:01.192Z] TypeError: Cannot read property 'processIncomingMessage' of undefined
[error] 
[error] Error: An unexpected error has occurred.
